Info: Starting: Create block symbol file (.bsf)
Info: ip-generate --project-directory=/afs/ualberta.ca/home/p/k/pkuczera/Documents/ECE492_Projects/capstone/ece492_w16/niosII_gesture_detection/Qsys/ --output-directory=/afs/ualberta.ca/home/p/k/pkuczera/Documents/ECE492_Projects/capstone/ece492_w16/niosII_gesture_detection/Qsys/niosII_system/ --report-file=bsf:/afs/ualberta.ca/home/p/k/pkuczera/Documents/ECE492_Projects/capstone/ece492_w16/niosII_gesture_detection/Qsys/niosII_system.bsf --system-info=DEVICE_FAMILY="Cyclone II" --system-info=DEVICE=EP2C35F672C6 --system-info=DEVICE_SPEEDGRADE=6 --component-file=/afs/ualberta.ca/home/p/k/pkuczera/Documents/ECE492_Projects/capstone/ece492_w16/niosII_gesture_detection/Qsys/niosII_system.qsys
Progress: Loading Qsys/niosII_system.qsys
Progress: Reading input file
Progress: Adding clock [clock_source 12.1]
Progress: Parameterizing module clock
Progress: Adding Clock_Signals [altera_up_clocks 12.0]
Progress: Parameterizing module Clock_Signals
Progress: Adding Onchip_Memory [altera_avalon_onchip_memory2 12.1]
Progress: Parameterizing module Onchip_Memory
Progress: Adding CPU [altera_nios2_qsys 12.1]
Progress: Parameterizing module CPU
Progress: Adding Video_Decoder [altera_up_avalon_video_decoder 12.0]
Progress: Parameterizing module Video_Decoder
Progress: Adding Video_Clipper [altera_up_avalon_video_clipper 12.0]
Progress: Parameterizing module Video_Clipper
Progress: Adding Chroma_Resampler [altera_up_avalon_video_chroma_resampler 12.0]
Progress: Parameterizing module Chroma_Resampler
Progress: Adding Scaler_0 [altera_up_avalon_video_scaler 12.0]
Progress: Parameterizing module Scaler_0
Progress: Adding SRAM_Controller [altera_up_avalon_sram 12.0]
Progress: Parameterizing module SRAM_Controller
Progress: Adding DMA_to_Memory [altera_up_avalon_video_dma_controller 12.0]
Progress: Parameterizing module DMA_to_Memory
Progress: Adding DMA_to_Stream [altera_up_avalon_video_dma_controller 12.0]
Progress: Parameterizing module DMA_to_Stream
Progress: Adding Colour_Space_Converter [altera_up_avalon_video_csc 12.0]
Progress: Parameterizing module Colour_Space_Converter
Progress: Adding RGB_Resampler_0 [altera_up_avalon_video_rgb_resampler 12.0]
Progress: Parameterizing module RGB_Resampler_0
Progress: Adding VGA_Controller [altera_up_avalon_video_vga_controller 12.0]
Progress: Parameterizing module VGA_Controller
Progress: Adding Dual_Clock_FIFO [altera_up_avalon_video_dual_clock_buffer 12.0]
Progress: Parameterizing module Dual_Clock_FIFO
Progress: Adding Audio_Video_Config [altera_up_avalon_audio_and_video_config 12.0]
Progress: Parameterizing module Audio_Video_Config
Progress: Adding YCrCb_to_RGB_2_0 [YCrCb_to_RGB_2 1.0]
Progress: Parameterizing module YCrCb_to_RGB_2_0
Progress: Adding Scaler_1 [altera_up_avalon_video_scaler 12.0]
Progress: Parameterizing module Scaler_1
Progress: Adding Pixel_Buffer_DMA [altera_up_avalon_video_pixel_buffer_dma 12.0]
Progress: Parameterizing module Pixel_Buffer_DMA
Progress: Adding RGB_Resampler_1 [altera_up_avalon_video_rgb_resampler 12.0]
Progress: Parameterizing module RGB_Resampler_1
Progress: Building connections
Progress: Parameterizing connections
Progress: Validating
Progress: Done reading input file
Info: niosII_system.Onchip_Memory: Memory will be initialized from Onchip_Memory.hex
Info: niosII_system.Video_Decoder: Video In Stream: Format: 720 x 244 (Odd Frames) or 720 x 243 (Even Frames) with Colour: 8 (bits) x 2 (planes) (YCrCb 4:2:2)
Info: niosII_system.Video_Clipper: Change in Resolution: 720 x 244 -> 640 x 240
Info: niosII_system.Chroma_Resampler: Chroma Resampling: 8 (bits) x 2 (planes) -> 8 (bits) x 3 (planes)
Info: niosII_system.Scaler_0: Change in Resolution: 640 x 240 -> 320 x 240
Info: niosII_system.VGA_Controller: Video Output Stream: Format: 640 x 480 with Color: 10 (bits) x 3 (planes)
Info: niosII_system.Scaler_1: Change in Resolution: 320 x 240 -> 640 x 480
Info: niosII_system.RGB_Resampler_1: RGB Resampling: 8 (bits) x 3 (planes) -> 10 (bits) x 3 (planes)
Info: ip-generate succeeded.
Info: Finished: Create block symbol file (.bsf)
Info: 
Info: Starting: Create HDL design files for synthesis
Info: ip-generate --project-directory=/afs/ualberta.ca/home/p/k/pkuczera/Documents/ECE492_Projects/capstone/ece492_w16/niosII_gesture_detection/Qsys/ --output-directory=/afs/ualberta.ca/home/p/k/pkuczera/Documents/ECE492_Projects/capstone/ece492_w16/niosII_gesture_detection/Qsys/niosII_system/synthesis/ --file-set=QUARTUS_SYNTH --report-file=sopcinfo:/afs/ualberta.ca/home/p/k/pkuczera/Documents/ECE492_Projects/capstone/ece492_w16/niosII_gesture_detection/Qsys/niosII_system.sopcinfo --report-file=html:/afs/ualberta.ca/home/p/k/pkuczera/Documents/ECE492_Projects/capstone/ece492_w16/niosII_gesture_detection/Qsys/niosII_system.html --report-file=qip:/afs/ualberta.ca/home/p/k/pkuczera/Documents/ECE492_Projects/capstone/ece492_w16/niosII_gesture_detection/Qsys/niosII_system/synthesis/niosII_system.qip --report-file=cmp:/afs/ualberta.ca/home/p/k/pkuczera/Documents/ECE492_Projects/capstone/ece492_w16/niosII_gesture_detection/Qsys/niosII_system.cmp --system-info=DEVICE_FAMILY="Cyclone II" --system-info=DEVICE=EP2C35F672C6 --system-info=DEVICE_SPEEDGRADE=6 --component-file=/afs/ualberta.ca/home/p/k/pkuczera/Documents/ECE492_Projects/capstone/ece492_w16/niosII_gesture_detection/Qsys/niosII_system.qsys
Progress: Loading Qsys/niosII_system.qsys
Progress: Reading input file
Progress: Adding clock [clock_source 12.1]
Progress: Parameterizing module clock
Progress: Adding Clock_Signals [altera_up_clocks 12.0]
Progress: Parameterizing module Clock_Signals
Progress: Adding Onchip_Memory [altera_avalon_onchip_memory2 12.1]
Progress: Parameterizing module Onchip_Memory
Progress: Adding CPU [altera_nios2_qsys 12.1]
Progress: Parameterizing module CPU
Progress: Adding Video_Decoder [altera_up_avalon_video_decoder 12.0]
Progress: Parameterizing module Video_Decoder
Progress: Adding Video_Clipper [altera_up_avalon_video_clipper 12.0]
Progress: Parameterizing module Video_Clipper
Progress: Adding Chroma_Resampler [altera_up_avalon_video_chroma_resampler 12.0]
Progress: Parameterizing module Chroma_Resampler
Progress: Adding Scaler_0 [altera_up_avalon_video_scaler 12.0]
Progress: Parameterizing module Scaler_0
Progress: Adding SRAM_Controller [altera_up_avalon_sram 12.0]
Progress: Parameterizing module SRAM_Controller
Progress: Adding DMA_to_Memory [altera_up_avalon_video_dma_controller 12.0]
Progress: Parameterizing module DMA_to_Memory
Progress: Adding DMA_to_Stream [altera_up_avalon_video_dma_controller 12.0]
Progress: Parameterizing module DMA_to_Stream
Progress: Adding Colour_Space_Converter [altera_up_avalon_video_csc 12.0]
Progress: Parameterizing module Colour_Space_Converter
Progress: Adding RGB_Resampler_0 [altera_up_avalon_video_rgb_resampler 12.0]
Progress: Parameterizing module RGB_Resampler_0
Progress: Adding VGA_Controller [altera_up_avalon_video_vga_controller 12.0]
Progress: Parameterizing module VGA_Controller
Progress: Adding Dual_Clock_FIFO [altera_up_avalon_video_dual_clock_buffer 12.0]
Progress: Parameterizing module Dual_Clock_FIFO
Progress: Adding Audio_Video_Config [altera_up_avalon_audio_and_video_config 12.0]
Progress: Parameterizing module Audio_Video_Config
Progress: Adding YCrCb_to_RGB_2_0 [YCrCb_to_RGB_2 1.0]
Progress: Parameterizing module YCrCb_to_RGB_2_0
Progress: Adding Scaler_1 [altera_up_avalon_video_scaler 12.0]
Progress: Parameterizing module Scaler_1
Progress: Adding Pixel_Buffer_DMA [altera_up_avalon_video_pixel_buffer_dma 12.0]
Progress: Parameterizing module Pixel_Buffer_DMA
Progress: Adding RGB_Resampler_1 [altera_up_avalon_video_rgb_resampler 12.0]
Progress: Parameterizing module RGB_Resampler_1
Progress: Building connections
Progress: Parameterizing connections
Progress: Validating
Progress: Done reading input file
Info: niosII_system.Onchip_Memory: Memory will be initialized from Onchip_Memory.hex
Info: niosII_system.Video_Decoder: Video In Stream: Format: 720 x 244 (Odd Frames) or 720 x 243 (Even Frames) with Colour: 8 (bits) x 2 (planes) (YCrCb 4:2:2)
Info: niosII_system.Video_Clipper: Change in Resolution: 720 x 244 -> 640 x 240
Info: niosII_system.Chroma_Resampler: Chroma Resampling: 8 (bits) x 2 (planes) -> 8 (bits) x 3 (planes)
Info: niosII_system.Scaler_0: Change in Resolution: 640 x 240 -> 320 x 240
Info: niosII_system.VGA_Controller: Video Output Stream: Format: 640 x 480 with Color: 10 (bits) x 3 (planes)
Info: niosII_system.Scaler_1: Change in Resolution: 320 x 240 -> 640 x 480
Info: niosII_system.RGB_Resampler_1: RGB Resampling: 8 (bits) x 3 (planes) -> 10 (bits) x 3 (planes)
Info: niosII_system: Generating niosII_system "niosII_system" for QUARTUS_SYNTH
Info: pipeline_bridge_swap_transform: After transform: 17 modules, 86 connections
Info: No custom instruction connections, skipping transform 
Info: merlin_translator_transform: After transform: 27 modules, 136 connections
Info: merlin_domain_transform: After transform: 45 modules, 279 connections
Info: merlin_router_transform: After transform: 55 modules, 329 connections
Info: merlin_burst_transform: After transform: 56 modules, 334 connections
Info: reset_adaptation_transform: After transform: 59 modules, 218 connections
Info: merlin_network_to_switch_transform: After transform: 77 modules, 256 connections
Info: merlin_width_transform: After transform: 79 modules, 262 connections
Info: merlin_interrupt_mapper_transform: After transform: 80 modules, 265 connections
Info: Clock_Signals: Starting Generation of Required Clocks for DE-Series Boards
Info: Clock_Signals: "niosII_system" instantiated altera_up_clocks "Clock_Signals"
Info: Starting classic module elaboration.
"/OPT/altera/12.1/tools/quartus/linux/jre/bin/java" -Xmx512M -classpath "/OPT/altera/12.1/tools/quartus/sopc_builder/bin/sopc_builder.jar:/OPT/altera/12.1/tools/quartus/sopc_builder/bin/PinAssigner.jar:/OPT/altera/12.1/tools/quartus/sopc_builder/bin/sopc_wizard.jar:/OPT/altera/12.1/tools/quartus/sopc_builder/bin/jptf.jar" sopc_builder.sopc_builder  -d"/OPT/altera/12.1/tools/quartus/sopc_builder" -notalkback=1 -projectnameyysystem.qpf -projectpath/tmp/alt6839_663058756095981824.dir/0035_sopclgen  --no_splash --refresh /tmp/alt6839_663058756095981824.dir/0035_sopclgen/yysystem.v --quartus_dir="/OPT/altera/12.1/tools/quartus" --sopc_perl="/OPT/altera/12.1/tools/quartus/linux/perl" --sopc_lib_path="++/OPT/altera/12.1/tools/quartus/../ip/altera/sopc_builder_ip+/OPT/altera/12.1/tools/quartus/../ip/altera/nios2_ip"
Info: Finished elaborating classic module.
Executing: /OPT/altera/12.1/tools/quartus//sopc_builder/bin/sopc_builder --classic --generate /tmp/alt6839_663058756095981824.dir/0035_sopclgen/yysystem.ptf
Info: Running sopc_builder...
"/OPT/altera/12.1/tools/quartus//linux/jre/bin/java" -Xmx512M -classpath "/OPT/altera/12.1/tools/quartus//sopc_builder/bin/sopc_builder.jar:/OPT/altera/12.1/tools/quartus//sopc_builder/bin/PinAssigner.jar:/OPT/altera/12.1/tools/quartus//sopc_builder/bin/sopc_wizard.jar:/OPT/altera/12.1/tools/quartus//sopc_builder/bin/jptf.jar" sopc_builder.sopc_builder  -d"/OPT/altera/12.1/tools/quartus//sopc_builder" -notalkback=1 -projectnameyysystem.qpf -projectpath/tmp/alt6839_663058756095981824.dir/0035_sopclgen  --generate /tmp/alt6839_663058756095981824.dir/0035_sopclgen/yysystem.v --quartus_dir="/OPT/altera/12.1/tools/quartus/" --sopc_perl="/OPT/altera/12.1/tools/quartus//linux/perl" --sopc_lib_path="++/OPT/altera/12.1/tools/quartus//../ip/altera/sopc_builder_ip+/OPT/altera/12.1/tools/quartus//../ip/altera/nios2_ip"
.
# 2016.02.08 14:30:21 (*) Success: sopc_builder finished.
Info: Onchip_Memory: "niosII_system" instantiated altera_avalon_onchip_memory2 "Onchip_Memory"
Info: CPU: Starting RTL generation for module 'niosII_system_CPU'
Info: CPU:   Generation command is [exec /OPT/altera/12.1/tools/quartus/../ip/altera/nios2_ip/altera_nios2/eperl -I /OPT/altera/12.1/tools/quartus/common/ip/altera/common/perl/5.8.3 -I /OPT/altera/12.1/tools/quartus/sopc_builder/bin/europa -I /OPT/altera/12.1/tools/quartus/sopc_builder/bin/perl_lib -I /OPT/altera/12.1/tools/quartus/sopc_builder/bin -I /OPT/altera/12.1/tools/quartus/../ip/altera/nios2_ip/altera_nios2/cpu_lib -I /OPT/altera/12.1/tools/quartus/../ip/altera/nios2_ip/altera_nios2/nios_lib -I /OPT/altera/12.1/tools/quartus/../ip/altera/nios2_ip/altera_nios2 -I /OPT/altera/12.1/tools/quartus/../ip/altera/nios2_ip/altera_nios2 -- /OPT/altera/12.1/tools/quartus/../ip/altera/nios2_ip/altera_nios2/generate_rtl.epl --name=niosII_system_CPU --dir=/tmp/alt6839_663058756095981824.dir/0036_CPU_gen/ --quartus_dir=/OPT/altera/12.1/tools/quartus --verilog --config=/tmp/alt6839_663058756095981824.dir/0036_CPU_gen//niosII_system_CPU_processor_configuration.pl  --do_build_sim=0    --bogus  ]
Info: CPU: # 2016.02.08 14:30:22 (*) Starting Nios II generation
Info: CPU: # 2016.02.08 14:30:22 (*)   Checking for plaintext license.
Info: CPU: # 2016.02.08 14:30:23 (*)   Couldn't query license setup in Quartus directory /OPT/altera/12.1/tools/quartus
Info: CPU: # 2016.02.08 14:30:23 (*)   Defaulting to contents of LM_LICENSE_FILE environment variable
Info: CPU: # 2016.02.08 14:30:23 (*)   Plaintext license not found.
Info: CPU: # 2016.02.08 14:30:23 (*)   No license required to generate encrypted Nios II/e.
Info: CPU: # 2016.02.08 14:30:23 (*)   Elaborating CPU configuration settings
Info: CPU: # 2016.02.08 14:30:23 (*)   Creating all objects for CPU
Info: CPU: # 2016.02.08 14:30:24 (*)   Generating RTL from CPU objects
Info: CPU: # 2016.02.08 14:30:24 (*)   Creating plain-text RTL
Info: CPU: # 2016.02.08 14:30:26 (*) Done Nios II generation
Info: CPU: Done RTL generation for module 'niosII_system_CPU'
Info: CPU: "niosII_system" instantiated altera_nios2_qsys "CPU"
Info: Video_Decoder: Starting Generation of Video In Decoder
Info: Video_Decoder: "niosII_system" instantiated altera_up_avalon_video_decoder "Video_Decoder"
Info: Video_Clipper: Starting generation of the video clipper
Info: Video_Clipper: "niosII_system" instantiated altera_up_avalon_video_clipper "Video_Clipper"
Info: Chroma_Resampler: Starting Generation of Chroma Resampler
Info: Chroma_Resampler: "niosII_system" instantiated altera_up_avalon_video_chroma_resampler "Chroma_Resampler"
Info: Scaler_0: Starting Generation of Video Scaler
Info: Scaler_0: "niosII_system" instantiated altera_up_avalon_video_scaler "Scaler_0"
Info: SRAM_Controller: Starting Generation of SRAM or SSRAM Controller
Info: SRAM_Controller: "niosII_system" instantiated altera_up_avalon_sram "SRAM_Controller"
Info: DMA_to_Memory: Starting Generation of Video DMA Controller
Info: DMA_to_Memory: "niosII_system" instantiated altera_up_avalon_video_dma_controller "DMA_to_Memory"
Info: DMA_to_Stream: Starting Generation of Video DMA Controller
Info: DMA_to_Stream: "niosII_system" instantiated altera_up_avalon_video_dma_controller "DMA_to_Stream"
Info: Reusing file /afs/ualberta.ca/home/p/k/pkuczera/Documents/ECE492_Projects/capstone/ece492_w16/niosII_gesture_detection/Qsys/niosII_system/synthesis/submodules/altera_up_video_dma_control_slave.v
Info: Reusing file /afs/ualberta.ca/home/p/k/pkuczera/Documents/ECE492_Projects/capstone/ece492_w16/niosII_gesture_detection/Qsys/niosII_system/synthesis/submodules/altera_up_video_dma_to_memory.v
Info: Reusing file /afs/ualberta.ca/home/p/k/pkuczera/Documents/ECE492_Projects/capstone/ece492_w16/niosII_gesture_detection/Qsys/niosII_system/synthesis/submodules/altera_up_video_dma_to_stream.v
Info: VGA_Controller: Starting Generation of VGA Controller
Info: VGA_Controller: "niosII_system" instantiated altera_up_avalon_video_vga_controller "VGA_Controller"
Info: Dual_Clock_FIFO: Starting Generation of the Dual Clock Buffer
Info: Dual_Clock_FIFO: "niosII_system" instantiated altera_up_avalon_video_dual_clock_buffer "Dual_Clock_FIFO"
Info: Audio_Video_Config: Starting Generation of Audio and Video Config
Info: Audio_Video_Config: "niosII_system" instantiated altera_up_avalon_audio_and_video_config "Audio_Video_Config"
Info: YCrCb_to_RGB_2_0: "niosII_system" instantiated YCrCb_to_RGB_2 "YCrCb_to_RGB_2_0"
Info: Scaler_1: Starting Generation of Video Scaler
Info: Scaler_1: "niosII_system" instantiated altera_up_avalon_video_scaler "Scaler_1"
Info: Reusing file /afs/ualberta.ca/home/p/k/pkuczera/Documents/ECE492_Projects/capstone/ece492_w16/niosII_gesture_detection/Qsys/niosII_system/synthesis/submodules/altera_up_video_scaler_shrink.v
Info: Reusing file /afs/ualberta.ca/home/p/k/pkuczera/Documents/ECE492_Projects/capstone/ece492_w16/niosII_gesture_detection/Qsys/niosII_system/synthesis/submodules/altera_up_video_scaler_multiply_width.v
Info: Reusing file /afs/ualberta.ca/home/p/k/pkuczera/Documents/ECE492_Projects/capstone/ece492_w16/niosII_gesture_detection/Qsys/niosII_system/synthesis/submodules/altera_up_video_scaler_multiply_height.v
Info: RGB_Resampler_1: Starting Generation of Video RGB Resampler
Info: RGB_Resampler_1: "niosII_system" instantiated altera_up_avalon_video_rgb_resampler "RGB_Resampler_1"
Info: CPU_instruction_master_translator: "niosII_system" instantiated altera_merlin_master_translator "CPU_instruction_master_translator"
Info: CPU_jtag_debug_module_translator: "niosII_system" instantiated altera_merlin_slave_translator "CPU_jtag_debug_module_translator"
Info: CPU_instruction_master_translator_avalon_universal_master_0_agent: "niosII_system" instantiated altera_merlin_master_agent "CPU_instruction_master_translator_avalon_universal_master_0_agent"
Info: CPU_jtag_debug_module_translator_avalon_universal_slave_0_agent: "niosII_system" instantiated altera_merlin_slave_agent "CPU_jtag_debug_module_translator_avalon_universal_slave_0_agent"
Info: CPU_jtag_debug_module_translator_avalon_universal_slave_0_agent_rsp_fifo: "niosII_system" instantiated altera_avalon_sc_fifo "CPU_jtag_debug_module_translator_avalon_universal_slave_0_agent_rsp_fifo"
Info: addr_router: "niosII_system" instantiated altera_merlin_router "addr_router"
Info: addr_router_001: "niosII_system" instantiated altera_merlin_router "addr_router_001"
Info: id_router: "niosII_system" instantiated altera_merlin_router "id_router"
Info: id_router_002: "niosII_system" instantiated altera_merlin_router "id_router_002"
Info: addr_router_002: "niosII_system" instantiated altera_merlin_router "addr_router_002"
Info: id_router_005: "niosII_system" instantiated altera_merlin_router "id_router_005"
Info: burst_adapter: "niosII_system" instantiated altera_merlin_burst_adapter "burst_adapter"
Info: rst_controller: "niosII_system" instantiated altera_reset_controller "rst_controller"
Info: cmd_xbar_demux: "niosII_system" instantiated altera_merlin_demultiplexer "cmd_xbar_demux"
Info: cmd_xbar_demux_001: "niosII_system" instantiated altera_merlin_demultiplexer "cmd_xbar_demux_001"
Info: cmd_xbar_mux: "niosII_system" instantiated altera_merlin_multiplexer "cmd_xbar_mux"
Info: rsp_xbar_demux_002: "niosII_system" instantiated altera_merlin_demultiplexer "rsp_xbar_demux_002"
Info: rsp_xbar_mux: "niosII_system" instantiated altera_merlin_multiplexer "rsp_xbar_mux"
Info: Reusing file /afs/ualberta.ca/home/p/k/pkuczera/Documents/ECE492_Projects/capstone/ece492_w16/niosII_gesture_detection/Qsys/niosII_system/synthesis/submodules/altera_merlin_arbitrator.sv
Info: rsp_xbar_mux_001: "niosII_system" instantiated altera_merlin_multiplexer "rsp_xbar_mux_001"
Info: Reusing file /afs/ualberta.ca/home/p/k/pkuczera/Documents/ECE492_Projects/capstone/ece492_w16/niosII_gesture_detection/Qsys/niosII_system/synthesis/submodules/altera_merlin_arbitrator.sv
Info: cmd_xbar_demux_002: "niosII_system" instantiated altera_merlin_demultiplexer "cmd_xbar_demux_002"
Info: cmd_xbar_mux_005: "niosII_system" instantiated altera_merlin_multiplexer "cmd_xbar_mux_005"
Info: Reusing file /afs/ualberta.ca/home/p/k/pkuczera/Documents/ECE492_Projects/capstone/ece492_w16/niosII_gesture_detection/Qsys/niosII_system/synthesis/submodules/altera_merlin_arbitrator.sv
Info: rsp_xbar_demux_005: "niosII_system" instantiated altera_merlin_demultiplexer "rsp_xbar_demux_005"
Info: width_adapter: "niosII_system" instantiated altera_merlin_width_adapter "width_adapter"
Info: Reusing file /afs/ualberta.ca/home/p/k/pkuczera/Documents/ECE492_Projects/capstone/ece492_w16/niosII_gesture_detection/Qsys/niosII_system/synthesis/submodules/altera_merlin_burst_uncompressor.sv
Info: Reusing file /afs/ualberta.ca/home/p/k/pkuczera/Documents/ECE492_Projects/capstone/ece492_w16/niosII_gesture_detection/Qsys/niosII_system/synthesis/submodules/altera_merlin_address_alignment.sv
Info: irq_mapper: "niosII_system" instantiated altera_irq_mapper "irq_mapper"
Info: niosII_system: Done niosII_system" with 41 modules, 130 files, 2082862 bytes
Info: ip-generate succeeded.
Info: Finished: Create HDL design files for synthesis
