Flow report for niosII_gesture_detection
Mon Feb  8 14:57:32 2016
Quartus II 32-bit Version 12.1 Build 243 01/31/2013 Service Pack 1 SJ Full Version


---------------------
; Table of Contents ;
---------------------
  1. Legal Notice
  2. Flow Summary
  3. Flow Settings
  4. Flow Non-Default Global Settings
  5. Flow Elapsed Time
  6. Flow OS Summary
  7. Flow Log



----------------
; Legal Notice ;
----------------
Copyright (C) 1991-2012 Altera Corporation
Your use of Altera Corporation's design tools, logic functions 
and other software and tools, and its AMPP partner logic 
functions, and any output files from any of the foregoing 
(including device programming or simulation files), and any 
associated documentation or information are expressly subject 
to the terms and conditions of the Altera Program License 
Subscription Agreement, Altera MegaCore Function License 
Agreement, or other applicable license agreement, including, 
without limitation, that your use is for the sole purpose of 
programming logic devices manufactured by Altera and sold by 
Altera or its authorized distributors.  Please refer to the 
applicable agreement for further details.



+-------------------------------------------------------------------------------------+
; Flow Summary                                                                        ;
+------------------------------------+------------------------------------------------+
; Flow Status                        ; Successful - Mon Feb  8 14:57:32 2016          ;
; Quartus II 32-bit Version          ; 12.1 Build 243 01/31/2013 SP 1 SJ Full Version ;
; Revision Name                      ; niosII_gesture_detection                       ;
; Top-level Entity Name              ; niosII_gesture_detection                       ;
; Family                             ; Cyclone II                                     ;
; Device                             ; EP2C35F672C6                                   ;
; Timing Models                      ; Final                                          ;
; Total logic elements               ; 3,410 / 33,216 ( 10 % )                        ;
;     Total combinational functions  ; 3,212 / 33,216 ( 10 % )                        ;
;     Dedicated logic registers      ; 1,999 / 33,216 ( 6 % )                         ;
; Total registers                    ; 2095                                           ;
; Total pins                         ; 89 / 475 ( 19 % )                              ;
; Total virtual pins                 ; 0                                              ;
; Total memory bits                  ; 166,656 / 483,840 ( 34 % )                     ;
; Embedded Multiplier 9-bit elements ; 10 / 70 ( 14 % )                               ;
; Total PLLs                         ; 1 / 4 ( 25 % )                                 ;
+------------------------------------+------------------------------------------------+


+----------------------------------------------+
; Flow Settings                                ;
+-------------------+--------------------------+
; Option            ; Setting                  ;
+-------------------+--------------------------+
; Start date & time ; 02/08/2016 14:56:12      ;
; Main task         ; Compilation              ;
; Revision Name     ; niosII_gesture_detection ;
+-------------------+--------------------------+


+----------------------------------------------------------------------------------------------------------------------------+
; Flow Non-Default Global Settings                                                                                           ;
+-------------------------------------+---------------------------------------+---------------+-------------+----------------+
; Assignment Name                     ; Value                                 ; Default Value ; Entity Name ; Section Id     ;
+-------------------------------------+---------------------------------------+---------------+-------------+----------------+
; COMPILER_SIGNATURE_ID               ; 48549626554635.145496857108899        ; --            ; --          ; --             ;
; EDA_OUTPUT_DATA_FORMAT              ; Vhdl                                  ; --            ; --          ; eda_simulation ;
; EDA_SIMULATION_TOOL                 ; ModelSim-Altera (VHDL)                ; <None>        ; --          ; --             ;
; MAX_CORE_JUNCTION_TEMP              ; 85                                    ; --            ; --          ; --             ;
; MIN_CORE_JUNCTION_TEMP              ; 0                                     ; --            ; --          ; --             ;
; PARTITION_COLOR                     ; 2147039                               ; --            ; --          ; Top            ;
; PARTITION_FITTER_PRESERVATION_LEVEL ; PLACEMENT_AND_ROUTING                 ; --            ; --          ; Top            ;
; PARTITION_NETLIST_TYPE              ; SOURCE                                ; --            ; --          ; Top            ;
; POWER_BOARD_THERMAL_MODEL           ; None (CONSERVATIVE)                   ; --            ; --          ; --             ;
; POWER_PRESET_COOLING_SOLUTION       ; 23 MM HEAT SINK WITH 200 LFPM AIRFLOW ; --            ; --          ; --             ;
; PROJECT_OUTPUT_DIRECTORY            ; output_files                          ; --            ; --          ; --             ;
+-------------------------------------+---------------------------------------+---------------+-------------+----------------+


+-------------------------------------------------------------------------------------------------------------------------------+
; Flow Elapsed Time                                                                                                             ;
+---------------------------+--------------+-------------------------+---------------------+------------------------------------+
; Module Name               ; Elapsed Time ; Average Processors Used ; Peak Virtual Memory ; Total CPU Time (on all processors) ;
+---------------------------+--------------+-------------------------+---------------------+------------------------------------+
; Analysis & Synthesis      ; 00:00:44     ; 1.0                     ; 425 MB              ; 00:00:48                           ;
; Fitter                    ; 00:00:17     ; 2.0                     ; 524 MB              ; 00:00:22                           ;
; Assembler                 ; 00:00:03     ; 1.0                     ; 331 MB              ; 00:00:02                           ;
; TimeQuest Timing Analyzer ; 00:00:03     ; 1.0                     ; 348 MB              ; 00:00:01                           ;
; EDA Netlist Writer        ; 00:00:04     ; 1.0                     ; 325 MB              ; 00:00:03                           ;
; Total                     ; 00:01:11     ; --                      ; --                  ; 00:01:16                           ;
+---------------------------+--------------+-------------------------+---------------------+------------------------------------+


+-------------------------------------------------------------------------------------------------------+
; Flow OS Summary                                                                                       ;
+---------------------------+--------------------------+------------------+------------+----------------+
; Module Name               ; Machine Hostname         ; OS Name          ; OS Version ; Processor type ;
+---------------------------+--------------------------+------------------+------------+----------------+
; Analysis & Synthesis      ; e3-11-11.ece.ualberta.ca ; Scientific Linux ; 6          ; x86_64         ;
; Fitter                    ; e3-11-11.ece.ualberta.ca ; Scientific Linux ; 6          ; x86_64         ;
; Assembler                 ; e3-11-11.ece.ualberta.ca ; Scientific Linux ; 6          ; x86_64         ;
; TimeQuest Timing Analyzer ; e3-11-11.ece.ualberta.ca ; Scientific Linux ; 6          ; x86_64         ;
; EDA Netlist Writer        ; e3-11-11.ece.ualberta.ca ; Scientific Linux ; 6          ; x86_64         ;
+---------------------------+--------------------------+------------------+------------+----------------+


------------
; Flow Log ;
------------
quartus_map --read_settings_files=on --write_settings_files=off niosII_gesture_detection -c niosII_gesture_detection
quartus_fit --read_settings_files=off --write_settings_files=off niosII_gesture_detection -c niosII_gesture_detection
quartus_asm --read_settings_files=off --write_settings_files=off niosII_gesture_detection -c niosII_gesture_detection
quartus_sta niosII_gesture_detection -c niosII_gesture_detection
quartus_eda --read_settings_files=off --write_settings_files=off niosII_gesture_detection -c niosII_gesture_detection



